2025-11-26 20:18:00:INFO:Start running cmcm...
2025-11-26 20:18:00:INFO:<Storage{'is_tune': False, 'train_mode': 'classification', 'modelName': 'cmcm', 'datasetName': 'meld', 'root_dataset_dir': '/mnt/workspace/MSE-Adapter/dataset/', 'num_workers': 0, 'model_save_dir': 'results/models', 'res_save_dir': 'results/results', 'pretrain_LM': '/mnt/workspace/MSE-Adapter/chatglm3-6b/', 'gpu_ids': [], 'seeds': [1111, 2222, 3333, 4444, 5555], 'dataPath': '/mnt/workspace/MSE-Adapter/dataset/MELD', 'seq_lens': (65, 157, 32), 'feature_dims': (4096, 64, 64), 'train_samples': 9992, 'num_classes': 3, 'language': 'en', 'KeyEval': 'weight_F1', 'need_data_aligned': False, 'need_model_aligned': False, 'need_label_prefix': True, 'need_normalized': False, 'use_PLM': True, 'save_labels': False, 'task_specific_prompt': 'Please recognize the emotion of the above multimodal content from the target                                                 set <neutral:0, surprise:1, fear:2, sadness:3, joy:4, disgust:5, anger:6>. response: The emotion is', 'max_new_tokens': 2, 'pseudo_tokens': 4, 'label_index_mapping': {'neutral': 0, 'surprise': 1, 'fear': 2, 'sadness': 3, 'joy': 4, 'disgust': 5, 'anger': 6}, 'batch_size': 8, 'learning_rate': 5e-05, 'a_lstm_hidden_size': 64, 'v_lstm_hidden_size': 32, 'a_lstm_layers': 1, 'v_lstm_layers': 1, 'a_lstm_dropout': 0.0, 'v_lstm_dropout': 0.0, 'warm_up_epochs': 90, 'gamma': 1, 'update_epochs': 1, 'early_stop': 8, 'H': 3.0, 'seed': 1111}>
2025-11-26 20:18:00:INFO:Find gpu: 0, with memory: 553910272 left!
2025-11-26 20:18:00:INFO:Let's use the GPU 1 !
2025-11-26 20:18:47:INFO:trainable params: 2632844 || all params: 6246216844 || trainable%: 0.04215101822039786
2025-11-26 20:18:47:INFO:Init labels...
2025-11-26 20:18:47:INFO:Start training...
2025-11-26 20:33:19:INFO:TRAIN-(cmcm) (1/1/1)>> loss: 3.3241
2025-11-26 20:34:43:INFO:VAL-(cmcm) >>
2025-11-26 20:34:43:INFO:M: >>  acc: 0.4022  weight_F1: 0.3399 
2025-11-26 20:34:48:INFO:Saving checkpoint at epoch 1 to results/models/cmcm-meld-classification.pth.
2025-11-26 20:49:23:INFO:TRAIN-(cmcm) (1/2/1)>> loss: 0.7642
2025-11-26 20:50:44:INFO:VAL-(cmcm) >>
2025-11-26 20:50:44:INFO:M: >>  acc: 0.3544  weight_F1: 0.3397 
2025-11-26 21:05:17:INFO:TRAIN-(cmcm) (2/3/1)>> loss: 0.7511
2025-11-26 21:06:39:INFO:VAL-(cmcm) >>
2025-11-26 21:06:39:INFO:M: >>  acc: 0.3995  weight_F1: 0.3512 
2025-11-26 21:06:44:INFO:Saving checkpoint at epoch 3 to results/models/cmcm-meld-classification.pth.
2025-11-26 21:21:18:INFO:TRAIN-(cmcm) (1/4/1)>> loss: 0.7433
2025-11-26 21:22:40:INFO:VAL-(cmcm) >>
2025-11-26 21:22:40:INFO:M: >>  acc: 0.4112  weight_F1: 0.3549 
2025-11-26 21:22:46:INFO:Saving checkpoint at epoch 4 to results/models/cmcm-meld-classification.pth.
2025-11-26 21:37:20:INFO:TRAIN-(cmcm) (1/5/1)>> loss: 0.7321
2025-11-26 21:38:42:INFO:VAL-(cmcm) >>
2025-11-26 21:38:42:INFO:M: >>  acc: 0.4238  weight_F1: 0.3852 
2025-11-26 21:38:48:INFO:Saving checkpoint at epoch 5 to results/models/cmcm-meld-classification.pth.
2025-11-26 21:53:22:INFO:TRAIN-(cmcm) (1/6/1)>> loss: 0.7236
2025-11-26 21:54:44:INFO:VAL-(cmcm) >>
2025-11-26 21:54:44:INFO:M: >>  acc: 0.4355  weight_F1: 0.3530 
2025-11-26 22:09:16:INFO:TRAIN-(cmcm) (2/7/1)>> loss: 0.7115
2025-11-26 22:10:38:INFO:VAL-(cmcm) >>
2025-11-26 22:10:38:INFO:M: >>  acc: 0.4482  weight_F1: 0.3850 
2025-11-26 22:25:10:INFO:TRAIN-(cmcm) (3/8/1)>> loss: 0.7003
2025-11-26 22:26:32:INFO:VAL-(cmcm) >>
2025-11-26 22:26:32:INFO:M: >>  acc: 0.4536  weight_F1: 0.4147 
2025-11-26 22:26:38:INFO:Saving checkpoint at epoch 8 to results/models/cmcm-meld-classification.pth.
2025-11-26 22:41:12:INFO:TRAIN-(cmcm) (1/9/1)>> loss: 0.6895
2025-11-26 22:42:34:INFO:VAL-(cmcm) >>
2025-11-26 22:42:34:INFO:M: >>  acc: 0.4581  weight_F1: 0.4421 
2025-11-26 22:42:40:INFO:Saving checkpoint at epoch 9 to results/models/cmcm-meld-classification.pth.
2025-11-26 22:57:13:INFO:TRAIN-(cmcm) (1/10/1)>> loss: 0.6720
2025-11-26 22:58:35:INFO:VAL-(cmcm) >>
2025-11-26 22:58:35:INFO:M: >>  acc: 0.4635  weight_F1: 0.4495 
2025-11-26 22:58:41:INFO:Saving checkpoint at epoch 10 to results/models/cmcm-meld-classification.pth.
2025-11-26 23:13:15:INFO:TRAIN-(cmcm) (1/11/1)>> loss: 0.6353
2025-11-26 23:14:37:INFO:VAL-(cmcm) >>
2025-11-26 23:14:37:INFO:M: >>  acc: 0.5338  weight_F1: 0.5063 
2025-11-26 23:14:42:INFO:Saving checkpoint at epoch 11 to results/models/cmcm-meld-classification.pth.
2025-11-26 23:29:16:INFO:TRAIN-(cmcm) (1/12/1)>> loss: 0.5834
2025-11-26 23:30:38:INFO:VAL-(cmcm) >>
2025-11-26 23:30:38:INFO:M: >>  acc: 0.5681  weight_F1: 0.5445 
2025-11-26 23:30:44:INFO:Saving checkpoint at epoch 12 to results/models/cmcm-meld-classification.pth.
2025-11-26 23:45:17:INFO:TRAIN-(cmcm) (1/13/1)>> loss: 0.5596
2025-11-26 23:46:39:INFO:VAL-(cmcm) >>
2025-11-26 23:46:39:INFO:M: >>  acc: 0.5798  weight_F1: 0.5629 
2025-11-26 23:46:45:INFO:Saving checkpoint at epoch 13 to results/models/cmcm-meld-classification.pth.
2025-11-27 00:01:19:INFO:TRAIN-(cmcm) (1/14/1)>> loss: 0.5454
2025-11-27 00:02:40:INFO:VAL-(cmcm) >>
2025-11-27 00:02:40:INFO:M: >>  acc: 0.5699  weight_F1: 0.5596 
2025-11-27 00:17:13:INFO:TRAIN-(cmcm) (2/15/1)>> loss: 0.5360
2025-11-27 00:18:34:INFO:VAL-(cmcm) >>
2025-11-27 00:18:34:INFO:M: >>  acc: 0.5735  weight_F1: 0.5653 
2025-11-27 00:18:40:INFO:Saving checkpoint at epoch 15 to results/models/cmcm-meld-classification.pth.
2025-11-27 00:33:14:INFO:TRAIN-(cmcm) (1/16/1)>> loss: 0.5270
2025-11-27 00:34:36:INFO:VAL-(cmcm) >>
2025-11-27 00:34:36:INFO:M: >>  acc: 0.6005  weight_F1: 0.5888 
2025-11-27 00:34:42:INFO:Saving checkpoint at epoch 16 to results/models/cmcm-meld-classification.pth.
2025-11-27 00:49:15:INFO:TRAIN-(cmcm) (1/17/1)>> loss: 0.5198
2025-11-27 00:50:37:INFO:VAL-(cmcm) >>
2025-11-27 00:50:37:INFO:M: >>  acc: 0.6041  weight_F1: 0.5785 
2025-11-27 01:05:09:INFO:TRAIN-(cmcm) (2/18/1)>> loss: 0.5137
2025-11-27 01:06:31:INFO:VAL-(cmcm) >>
2025-11-27 01:06:31:INFO:M: >>  acc: 0.5996  weight_F1: 0.5799 
2025-11-27 01:21:03:INFO:TRAIN-(cmcm) (3/19/1)>> loss: 0.5112
2025-11-27 01:22:25:INFO:VAL-(cmcm) >>
2025-11-27 01:22:25:INFO:M: >>  acc: 0.6123  weight_F1: 0.5968 
2025-11-27 01:22:30:INFO:Saving checkpoint at epoch 19 to results/models/cmcm-meld-classification.pth.
2025-11-27 01:37:04:INFO:TRAIN-(cmcm) (1/20/1)>> loss: 0.5054
2025-11-27 01:38:26:INFO:VAL-(cmcm) >>
2025-11-27 01:38:26:INFO:M: >>  acc: 0.5780  weight_F1: 0.5743 
2025-11-27 01:52:58:INFO:TRAIN-(cmcm) (2/21/1)>> loss: 0.5035
2025-11-27 01:54:19:INFO:VAL-(cmcm) >>
2025-11-27 01:54:19:INFO:M: >>  acc: 0.6060  weight_F1: 0.5927 
2025-11-27 02:08:52:INFO:TRAIN-(cmcm) (3/22/1)>> loss: 0.4991
2025-11-27 02:10:13:INFO:VAL-(cmcm) >>
2025-11-27 02:10:13:INFO:M: >>  acc: 0.6041  weight_F1: 0.5826 
2025-11-27 02:24:46:INFO:TRAIN-(cmcm) (4/23/1)>> loss: 0.4962
2025-11-27 02:26:07:INFO:VAL-(cmcm) >>
2025-11-27 02:26:07:INFO:M: >>  acc: 0.5852  weight_F1: 0.5831 
2025-11-27 02:40:40:INFO:TRAIN-(cmcm) (5/24/1)>> loss: 0.4934
2025-11-27 02:42:02:INFO:VAL-(cmcm) >>
2025-11-27 02:42:02:INFO:M: >>  acc: 0.6032  weight_F1: 0.5712 
2025-11-27 02:56:34:INFO:TRAIN-(cmcm) (6/25/1)>> loss: 0.4908
2025-11-27 02:57:56:INFO:VAL-(cmcm) >>
2025-11-27 02:57:56:INFO:M: >>  acc: 0.6060  weight_F1: 0.5992 
2025-11-27 02:58:02:INFO:Saving checkpoint at epoch 25 to results/models/cmcm-meld-classification.pth.
2025-11-27 03:12:36:INFO:TRAIN-(cmcm) (1/26/1)>> loss: 0.4870
2025-11-27 03:13:57:INFO:VAL-(cmcm) >>
2025-11-27 03:13:57:INFO:M: >>  acc: 0.6041  weight_F1: 0.5735 
2025-11-27 03:28:30:INFO:TRAIN-(cmcm) (2/27/1)>> loss: 0.4834
2025-11-27 03:29:52:INFO:VAL-(cmcm) >>
2025-11-27 03:29:52:INFO:M: >>  acc: 0.6069  weight_F1: 0.5961 
2025-11-27 03:44:24:INFO:TRAIN-(cmcm) (3/28/1)>> loss: 0.4815
2025-11-27 03:45:46:INFO:VAL-(cmcm) >>
2025-11-27 03:45:46:INFO:M: >>  acc: 0.6014  weight_F1: 0.5939 
2025-11-27 04:00:18:INFO:TRAIN-(cmcm) (4/29/1)>> loss: 0.4794
2025-11-27 04:01:40:INFO:VAL-(cmcm) >>
2025-11-27 04:01:40:INFO:M: >>  acc: 0.6050  weight_F1: 0.5995 
2025-11-27 04:01:46:INFO:Saving checkpoint at epoch 29 to results/models/cmcm-meld-classification.pth.
2025-11-27 04:16:19:INFO:TRAIN-(cmcm) (1/30/1)>> loss: 0.4772
2025-11-27 04:17:41:INFO:VAL-(cmcm) >>
2025-11-27 04:17:41:INFO:M: >>  acc: 0.6041  weight_F1: 0.6015 
2025-11-27 04:17:47:INFO:Saving checkpoint at epoch 30 to results/models/cmcm-meld-classification.pth.
2025-11-27 04:32:21:INFO:TRAIN-(cmcm) (1/31/1)>> loss: 0.4745
2025-11-27 04:33:43:INFO:VAL-(cmcm) >>
2025-11-27 04:33:43:INFO:M: >>  acc: 0.6032  weight_F1: 0.5899 
2025-11-27 04:48:15:INFO:TRAIN-(cmcm) (2/32/1)>> loss: 0.4720
2025-11-27 04:49:37:INFO:VAL-(cmcm) >>
2025-11-27 04:49:37:INFO:M: >>  acc: 0.6078  weight_F1: 0.6049 
2025-11-27 04:49:43:INFO:Saving checkpoint at epoch 32 to results/models/cmcm-meld-classification.pth.
2025-11-27 05:04:17:INFO:TRAIN-(cmcm) (1/33/1)>> loss: 0.4695
2025-11-27 05:05:38:INFO:VAL-(cmcm) >>
2025-11-27 05:05:38:INFO:M: >>  acc: 0.6014  weight_F1: 0.6042 
2025-11-27 05:20:11:INFO:TRAIN-(cmcm) (2/34/1)>> loss: 0.4654
2025-11-27 05:21:32:INFO:VAL-(cmcm) >>
2025-11-27 05:21:32:INFO:M: >>  acc: 0.6168  weight_F1: 0.6158 
2025-11-27 05:21:38:INFO:Saving checkpoint at epoch 34 to results/models/cmcm-meld-classification.pth.
2025-11-27 05:36:12:INFO:TRAIN-(cmcm) (1/35/1)>> loss: 0.4638
2025-11-27 05:37:34:INFO:VAL-(cmcm) >>
2025-11-27 05:37:34:INFO:M: >>  acc: 0.6177  weight_F1: 0.6066 
2025-11-27 05:52:06:INFO:TRAIN-(cmcm) (2/36/1)>> loss: 0.4611
2025-11-27 05:53:28:INFO:VAL-(cmcm) >>
2025-11-27 05:53:28:INFO:M: >>  acc: 0.6114  weight_F1: 0.6073 
2025-11-27 06:08:00:INFO:TRAIN-(cmcm) (3/37/1)>> loss: 0.4593
2025-11-27 06:09:22:INFO:VAL-(cmcm) >>
2025-11-27 06:09:22:INFO:M: >>  acc: 0.6114  weight_F1: 0.5949 
2025-11-27 06:23:54:INFO:TRAIN-(cmcm) (4/38/1)>> loss: 0.4567
2025-11-27 06:25:16:INFO:VAL-(cmcm) >>
2025-11-27 06:25:16:INFO:M: >>  acc: 0.6105  weight_F1: 0.5926 
2025-11-27 06:39:48:INFO:TRAIN-(cmcm) (5/39/1)>> loss: 0.4541
2025-11-27 06:41:11:INFO:VAL-(cmcm) >>
2025-11-27 06:41:11:INFO:M: >>  acc: 0.6096  weight_F1: 0.6080 
2025-11-27 06:55:43:INFO:TRAIN-(cmcm) (6/40/1)>> loss: 0.4502
2025-11-27 06:57:05:INFO:VAL-(cmcm) >>
2025-11-27 06:57:05:INFO:M: >>  acc: 0.5960  weight_F1: 0.5912 
2025-11-27 07:11:37:INFO:TRAIN-(cmcm) (7/41/1)>> loss: 0.4483
2025-11-27 07:12:59:INFO:VAL-(cmcm) >>
2025-11-27 07:12:59:INFO:M: >>  acc: 0.6050  weight_F1: 0.5969 
2025-11-27 07:27:31:INFO:TRAIN-(cmcm) (8/42/1)>> loss: 0.4459
2025-11-27 07:28:53:INFO:VAL-(cmcm) >>
2025-11-27 07:28:53:INFO:M: >>  acc: 0.6032  weight_F1: 0.5915 
2025-11-27 07:32:06:INFO:TEST-(cmcm) >>
2025-11-27 07:32:06:INFO:M: >>  acc: 0.6184  weight_F1: 0.6154 
2025-11-27 07:32:07:INFO:Results are added to results/results/meld-classification-90.csv...
2025-11-27 07:32:07:INFO:Start running cmcm...
2025-11-27 07:32:07:INFO:<Storage{'is_tune': False, 'train_mode': 'classification', 'modelName': 'cmcm', 'datasetName': 'meld', 'root_dataset_dir': '/mnt/workspace/MSE-Adapter/dataset/', 'num_workers': 0, 'model_save_dir': 'results/models', 'res_save_dir': 'results/results', 'pretrain_LM': '/mnt/workspace/MSE-Adapter/chatglm3-6b/', 'gpu_ids': [0], 'seeds': [1111, 2222, 3333, 4444, 5555], 'dataPath': '/mnt/workspace/MSE-Adapter/dataset/MELD', 'seq_lens': (65, 157, 32), 'feature_dims': (4096, 64, 64), 'train_samples': 9992, 'num_classes': 3, 'language': 'en', 'KeyEval': 'weight_F1', 'need_data_aligned': False, 'need_model_aligned': False, 'need_label_prefix': True, 'need_normalized': False, 'use_PLM': True, 'save_labels': False, 'task_specific_prompt': 'Please recognize the emotion of the above multimodal content from the target                                                 set <neutral:0, surprise:1, fear:2, sadness:3, joy:4, disgust:5, anger:6>. response: The emotion is', 'max_new_tokens': 2, 'pseudo_tokens': 4, 'label_index_mapping': {'neutral': 0, 'surprise': 1, 'fear': 2, 'sadness': 3, 'joy': 4, 'disgust': 5, 'anger': 6}, 'batch_size': 8, 'learning_rate': 5e-05, 'a_lstm_hidden_size': 64, 'v_lstm_hidden_size': 32, 'a_lstm_layers': 1, 'v_lstm_layers': 1, 'a_lstm_dropout': 0.0, 'v_lstm_dropout': 0.0, 'warm_up_epochs': 90, 'gamma': 1, 'update_epochs': 1, 'early_stop': 8, 'H': 3.0, 'seed': 2222}>
2025-11-27 07:32:07:INFO:Let's use the GPU 1 !
2025-11-27 07:32:50:INFO:trainable params: 2632844 || all params: 6246216844 || trainable%: 0.04215101822039786
2025-11-27 07:32:50:INFO:Init labels...
2025-11-27 07:32:50:INFO:Start training...
2025-11-27 07:47:21:INFO:TRAIN-(cmcm) (1/1/2)>> loss: 2.9568
2025-11-27 07:48:43:INFO:VAL-(cmcm) >>
2025-11-27 07:48:43:INFO:M: >>  acc: 0.3995  weight_F1: 0.3363 
2025-11-27 07:48:49:INFO:Saving checkpoint at epoch 1 to results/models/cmcm-meld-classification.pth.
2025-11-27 08:03:23:INFO:TRAIN-(cmcm) (1/2/2)>> loss: 0.7622
2025-11-27 08:04:44:INFO:VAL-(cmcm) >>
2025-11-27 08:04:44:INFO:M: >>  acc: 0.4193  weight_F1: 0.3426 
2025-11-27 08:04:50:INFO:Saving checkpoint at epoch 2 to results/models/cmcm-meld-classification.pth.
2025-11-27 08:19:24:INFO:TRAIN-(cmcm) (1/3/2)>> loss: 0.7461
2025-11-27 08:20:46:INFO:VAL-(cmcm) >>
2025-11-27 08:20:46:INFO:M: >>  acc: 0.4400  weight_F1: 0.3453 
2025-11-27 08:20:52:INFO:Saving checkpoint at epoch 3 to results/models/cmcm-meld-classification.pth.
2025-11-27 08:35:25:INFO:TRAIN-(cmcm) (1/4/2)>> loss: 0.7328
2025-11-27 08:36:47:INFO:VAL-(cmcm) >>
2025-11-27 08:36:47:INFO:M: >>  acc: 0.4391  weight_F1: 0.3531 
2025-11-27 08:36:53:INFO:Saving checkpoint at epoch 4 to results/models/cmcm-meld-classification.pth.
2025-11-27 08:51:26:INFO:TRAIN-(cmcm) (1/5/2)>> loss: 0.7233
2025-11-27 08:52:48:INFO:VAL-(cmcm) >>
2025-11-27 08:52:48:INFO:M: >>  acc: 0.4454  weight_F1: 0.3986 
2025-11-27 08:52:54:INFO:Saving checkpoint at epoch 5 to results/models/cmcm-meld-classification.pth.
2025-11-27 09:07:28:INFO:TRAIN-(cmcm) (1/6/2)>> loss: 0.7153
2025-11-27 09:08:50:INFO:VAL-(cmcm) >>
2025-11-27 09:08:50:INFO:M: >>  acc: 0.4040  weight_F1: 0.3940 
2025-11-27 09:23:22:INFO:TRAIN-(cmcm) (2/7/2)>> loss: 0.7058
2025-11-27 09:24:44:INFO:VAL-(cmcm) >>
2025-11-27 09:24:44:INFO:M: >>  acc: 0.4373  weight_F1: 0.4307 
2025-11-27 09:24:50:INFO:Saving checkpoint at epoch 7 to results/models/cmcm-meld-classification.pth.
2025-11-27 09:39:24:INFO:TRAIN-(cmcm) (1/8/2)>> loss: 0.6926
2025-11-27 09:40:45:INFO:VAL-(cmcm) >>
2025-11-27 09:40:45:INFO:M: >>  acc: 0.3445  weight_F1: 0.3256 
2025-11-27 09:55:17:INFO:TRAIN-(cmcm) (2/9/2)>> loss: 0.6814
2025-11-27 09:56:39:INFO:VAL-(cmcm) >>
2025-11-27 09:56:39:INFO:M: >>  acc: 0.4671  weight_F1: 0.4548 
2025-11-27 09:56:45:INFO:Saving checkpoint at epoch 9 to results/models/cmcm-meld-classification.pth.
2025-11-27 10:11:19:INFO:TRAIN-(cmcm) (1/10/2)>> loss: 0.6380
2025-11-27 10:12:41:INFO:VAL-(cmcm) >>
2025-11-27 10:12:41:INFO:M: >>  acc: 0.5392  weight_F1: 0.4914 
2025-11-27 10:12:46:INFO:Saving checkpoint at epoch 10 to results/models/cmcm-meld-classification.pth.
2025-11-27 10:27:20:INFO:TRAIN-(cmcm) (1/11/2)>> loss: 0.5835
2025-11-27 10:28:42:INFO:VAL-(cmcm) >>
2025-11-27 10:28:42:INFO:M: >>  acc: 0.5870  weight_F1: 0.5828 
2025-11-27 10:28:48:INFO:Saving checkpoint at epoch 11 to results/models/cmcm-meld-classification.pth.
2025-11-27 10:43:22:INFO:TRAIN-(cmcm) (1/12/2)>> loss: 0.5579
2025-11-27 10:44:44:INFO:VAL-(cmcm) >>
2025-11-27 10:44:44:INFO:M: >>  acc: 0.5960  weight_F1: 0.5766 
2025-11-27 10:59:16:INFO:TRAIN-(cmcm) (2/13/2)>> loss: 0.5470
2025-11-27 11:00:38:INFO:VAL-(cmcm) >>
2025-11-27 11:00:38:INFO:M: >>  acc: 0.5915  weight_F1: 0.5866 
2025-11-27 11:00:43:INFO:Saving checkpoint at epoch 13 to results/models/cmcm-meld-classification.pth.
2025-11-27 11:15:17:INFO:TRAIN-(cmcm) (1/14/2)>> loss: 0.5383
2025-11-27 11:16:39:INFO:VAL-(cmcm) >>
2025-11-27 11:16:39:INFO:M: >>  acc: 0.5564  weight_F1: 0.5609 
2025-11-27 11:31:11:INFO:TRAIN-(cmcm) (2/15/2)>> loss: 0.5304
2025-11-27 11:32:33:INFO:VAL-(cmcm) >>
2025-11-27 11:32:33:INFO:M: >>  acc: 0.5852  weight_F1: 0.5866 
2025-11-27 11:47:05:INFO:TRAIN-(cmcm) (3/16/2)>> loss: 0.5235
2025-11-27 11:48:27:INFO:VAL-(cmcm) >>
2025-11-27 11:48:27:INFO:M: >>  acc: 0.5789  weight_F1: 0.5791 
2025-11-27 12:03:00:INFO:TRAIN-(cmcm) (4/17/2)>> loss: 0.5178
2025-11-27 12:04:22:INFO:VAL-(cmcm) >>
2025-11-27 12:04:22:INFO:M: >>  acc: 0.5987  weight_F1: 0.5870 
2025-11-27 12:04:27:INFO:Saving checkpoint at epoch 17 to results/models/cmcm-meld-classification.pth.
2025-11-27 12:19:01:INFO:TRAIN-(cmcm) (1/18/2)>> loss: 0.5137
2025-11-27 12:20:23:INFO:VAL-(cmcm) >>
2025-11-27 12:20:23:INFO:M: >>  acc: 0.5969  weight_F1: 0.5871 
2025-11-27 12:20:28:INFO:Saving checkpoint at epoch 18 to results/models/cmcm-meld-classification.pth.
2025-11-27 12:35:02:INFO:TRAIN-(cmcm) (1/19/2)>> loss: 0.5115
2025-11-27 12:36:24:INFO:VAL-(cmcm) >>
2025-11-27 12:36:24:INFO:M: >>  acc: 0.5473  weight_F1: 0.5483 
2025-11-27 12:50:56:INFO:TRAIN-(cmcm) (2/20/2)>> loss: 0.5072
2025-11-27 12:52:18:INFO:VAL-(cmcm) >>
2025-11-27 12:52:18:INFO:M: >>  acc: 0.5924  weight_F1: 0.5873 
2025-11-27 12:52:24:INFO:Saving checkpoint at epoch 20 to results/models/cmcm-meld-classification.pth.
2025-11-27 13:06:58:INFO:TRAIN-(cmcm) (1/21/2)>> loss: 0.5034
2025-11-27 13:08:20:INFO:VAL-(cmcm) >>
2025-11-27 13:08:20:INFO:M: >>  acc: 0.6096  weight_F1: 0.6029 
2025-11-27 13:08:25:INFO:Saving checkpoint at epoch 21 to results/models/cmcm-meld-classification.pth.
2025-11-27 13:22:59:INFO:TRAIN-(cmcm) (1/22/2)>> loss: 0.5004
2025-11-27 13:24:21:INFO:VAL-(cmcm) >>
2025-11-27 13:24:21:INFO:M: >>  acc: 0.6285  weight_F1: 0.6244 
2025-11-27 13:24:26:INFO:Saving checkpoint at epoch 22 to results/models/cmcm-meld-classification.pth.
2025-11-27 13:39:01:INFO:TRAIN-(cmcm) (1/23/2)>> loss: 0.4988
2025-11-27 13:40:22:INFO:VAL-(cmcm) >>
2025-11-27 13:40:22:INFO:M: >>  acc: 0.6150  weight_F1: 0.6019 
2025-11-27 13:54:55:INFO:TRAIN-(cmcm) (2/24/2)>> loss: 0.4948
2025-11-27 13:56:17:INFO:VAL-(cmcm) >>
2025-11-27 13:56:17:INFO:M: >>  acc: 0.6078  weight_F1: 0.6006 
2025-11-27 14:10:49:INFO:TRAIN-(cmcm) (3/25/2)>> loss: 0.4909
2025-11-27 14:12:11:INFO:VAL-(cmcm) >>
2025-11-27 14:12:11:INFO:M: >>  acc: 0.6177  weight_F1: 0.6112 
2025-11-27 14:26:43:INFO:TRAIN-(cmcm) (4/26/2)>> loss: 0.4887
2025-11-27 14:28:05:INFO:VAL-(cmcm) >>
2025-11-27 14:28:05:INFO:M: >>  acc: 0.6357  weight_F1: 0.6303 
2025-11-27 14:28:11:INFO:Saving checkpoint at epoch 26 to results/models/cmcm-meld-classification.pth.
2025-11-27 14:42:45:INFO:TRAIN-(cmcm) (1/27/2)>> loss: 0.4873
2025-11-27 14:44:07:INFO:VAL-(cmcm) >>
2025-11-27 14:44:07:INFO:M: >>  acc: 0.5843  weight_F1: 0.5765 
2025-11-27 14:58:39:INFO:TRAIN-(cmcm) (2/28/2)>> loss: 0.4848
2025-11-27 15:00:01:INFO:VAL-(cmcm) >>
2025-11-27 15:00:01:INFO:M: >>  acc: 0.5789  weight_F1: 0.5763 
2025-11-27 15:14:33:INFO:TRAIN-(cmcm) (3/29/2)>> loss: 0.4824
2025-11-27 15:15:55:INFO:VAL-(cmcm) >>
2025-11-27 15:15:55:INFO:M: >>  acc: 0.5942  weight_F1: 0.5935 
2025-11-27 15:30:27:INFO:TRAIN-(cmcm) (4/30/2)>> loss: 0.4783
2025-11-27 15:31:49:INFO:VAL-(cmcm) >>
2025-11-27 15:31:49:INFO:M: >>  acc: 0.5798  weight_F1: 0.5774 
2025-11-27 15:46:21:INFO:TRAIN-(cmcm) (5/31/2)>> loss: 0.4782
2025-11-27 15:47:43:INFO:VAL-(cmcm) >>
2025-11-27 15:47:43:INFO:M: >>  acc: 0.5852  weight_F1: 0.5837 
2025-11-27 16:02:16:INFO:TRAIN-(cmcm) (6/32/2)>> loss: 0.4753
2025-11-27 16:03:38:INFO:VAL-(cmcm) >>
2025-11-27 16:03:38:INFO:M: >>  acc: 0.5951  weight_F1: 0.5933 
2025-11-27 16:18:10:INFO:TRAIN-(cmcm) (7/33/2)>> loss: 0.4740
2025-11-27 16:19:32:INFO:VAL-(cmcm) >>
2025-11-27 16:19:32:INFO:M: >>  acc: 0.6005  weight_F1: 0.5965 
2025-11-27 16:34:05:INFO:TRAIN-(cmcm) (8/34/2)>> loss: 0.4714
2025-11-27 16:35:26:INFO:VAL-(cmcm) >>
2025-11-27 16:35:26:INFO:M: >>  acc: 0.5996  weight_F1: 0.6006 
2025-11-27 16:38:39:INFO:TEST-(cmcm) >>
2025-11-27 16:38:39:INFO:M: >>  acc: 0.6475  weight_F1: 0.6368 
2025-11-27 16:38:40:INFO:Results are added to results/results/meld-classification-90.csv...
2025-11-27 16:38:40:INFO:Start running cmcm...
2025-11-27 16:38:40:INFO:<Storage{'is_tune': False, 'train_mode': 'classification', 'modelName': 'cmcm', 'datasetName': 'meld', 'root_dataset_dir': '/mnt/workspace/MSE-Adapter/dataset/', 'num_workers': 0, 'model_save_dir': 'results/models', 'res_save_dir': 'results/results', 'pretrain_LM': '/mnt/workspace/MSE-Adapter/chatglm3-6b/', 'gpu_ids': [0], 'seeds': [1111, 2222, 3333, 4444, 5555], 'dataPath': '/mnt/workspace/MSE-Adapter/dataset/MELD', 'seq_lens': (65, 157, 32), 'feature_dims': (4096, 64, 64), 'train_samples': 9992, 'num_classes': 3, 'language': 'en', 'KeyEval': 'weight_F1', 'need_data_aligned': False, 'need_model_aligned': False, 'need_label_prefix': True, 'need_normalized': False, 'use_PLM': True, 'save_labels': False, 'task_specific_prompt': 'Please recognize the emotion of the above multimodal content from the target                                                 set <neutral:0, surprise:1, fear:2, sadness:3, joy:4, disgust:5, anger:6>. response: The emotion is', 'max_new_tokens': 2, 'pseudo_tokens': 4, 'label_index_mapping': {'neutral': 0, 'surprise': 1, 'fear': 2, 'sadness': 3, 'joy': 4, 'disgust': 5, 'anger': 6}, 'batch_size': 8, 'learning_rate': 5e-05, 'a_lstm_hidden_size': 64, 'v_lstm_hidden_size': 32, 'a_lstm_layers': 1, 'v_lstm_layers': 1, 'a_lstm_dropout': 0.0, 'v_lstm_dropout': 0.0, 'warm_up_epochs': 90, 'gamma': 1, 'update_epochs': 1, 'early_stop': 8, 'H': 3.0, 'seed': 3333}>
2025-11-27 16:38:40:INFO:Let's use the GPU 1 !
2025-11-27 16:39:21:INFO:trainable params: 2632844 || all params: 6246216844 || trainable%: 0.04215101822039786
2025-11-27 16:39:21:INFO:Init labels...
2025-11-27 16:39:21:INFO:Start training...
2025-11-27 16:53:53:INFO:TRAIN-(cmcm) (1/1/3)>> loss: 5.6949
2025-11-27 16:55:15:INFO:VAL-(cmcm) >>
2025-11-27 16:55:15:INFO:M: >>  acc: 0.2858  weight_F1: 0.2777 
2025-11-27 16:55:21:INFO:Saving checkpoint at epoch 1 to results/models/cmcm-meld-classification.pth.
2025-11-27 17:09:54:INFO:TRAIN-(cmcm) (1/2/3)>> loss: 0.8320
2025-11-27 17:11:16:INFO:VAL-(cmcm) >>
2025-11-27 17:11:16:INFO:M: >>  acc: 0.3940  weight_F1: 0.3465 
2025-11-27 17:11:22:INFO:Saving checkpoint at epoch 2 to results/models/cmcm-meld-classification.pth.
2025-11-27 17:25:56:INFO:TRAIN-(cmcm) (1/3/3)>> loss: 0.7605
2025-11-27 17:27:17:INFO:VAL-(cmcm) >>
2025-11-27 17:27:17:INFO:M: >>  acc: 0.4148  weight_F1: 0.3364 
2025-11-27 17:41:49:INFO:TRAIN-(cmcm) (2/4/3)>> loss: 0.7393
2025-11-27 17:43:11:INFO:VAL-(cmcm) >>
2025-11-27 17:43:11:INFO:M: >>  acc: 0.4067  weight_F1: 0.3354 
2025-11-27 17:57:43:INFO:TRAIN-(cmcm) (3/5/3)>> loss: 0.7239
2025-11-27 17:59:05:INFO:VAL-(cmcm) >>
2025-11-27 17:59:05:INFO:M: >>  acc: 0.4274  weight_F1: 0.3741 
2025-11-27 17:59:11:INFO:Saving checkpoint at epoch 5 to results/models/cmcm-meld-classification.pth.
2025-11-27 18:13:44:INFO:TRAIN-(cmcm) (1/6/3)>> loss: 0.7111
2025-11-27 18:15:06:INFO:VAL-(cmcm) >>
2025-11-27 18:15:06:INFO:M: >>  acc: 0.4049  weight_F1: 0.4015 
2025-11-27 18:15:12:INFO:Saving checkpoint at epoch 6 to results/models/cmcm-meld-classification.pth.
2025-11-27 18:29:46:INFO:TRAIN-(cmcm) (1/7/3)>> loss: 0.7022
2025-11-27 18:31:07:INFO:VAL-(cmcm) >>
2025-11-27 18:31:07:INFO:M: >>  acc: 0.4509  weight_F1: 0.3942 
2025-11-27 18:45:40:INFO:TRAIN-(cmcm) (2/8/3)>> loss: 0.6906
2025-11-27 18:47:02:INFO:VAL-(cmcm) >>
2025-11-27 18:47:02:INFO:M: >>  acc: 0.4472  weight_F1: 0.4210 
2025-11-27 18:47:08:INFO:Saving checkpoint at epoch 8 to results/models/cmcm-meld-classification.pth.
2025-11-27 19:01:41:INFO:TRAIN-(cmcm) (1/9/3)>> loss: 0.6779
2025-11-27 19:03:03:INFO:VAL-(cmcm) >>
2025-11-27 19:03:03:INFO:M: >>  acc: 0.4581  weight_F1: 0.4158 
2025-11-27 19:17:36:INFO:TRAIN-(cmcm) (2/10/3)>> loss: 0.6482
2025-11-27 19:18:58:INFO:VAL-(cmcm) >>
2025-11-27 19:18:58:INFO:M: >>  acc: 0.5158  weight_F1: 0.4850 
2025-11-27 19:19:04:INFO:Saving checkpoint at epoch 10 to results/models/cmcm-meld-classification.pth.
2025-11-27 19:33:37:INFO:TRAIN-(cmcm) (1/11/3)>> loss: 0.6041
2025-11-27 19:34:59:INFO:VAL-(cmcm) >>
2025-11-27 19:34:59:INFO:M: >>  acc: 0.5419  weight_F1: 0.5333 
2025-11-27 19:35:05:INFO:Saving checkpoint at epoch 11 to results/models/cmcm-meld-classification.pth.
2025-11-27 19:49:38:INFO:TRAIN-(cmcm) (1/12/3)>> loss: 0.5718
2025-11-27 19:51:00:INFO:VAL-(cmcm) >>
2025-11-27 19:51:00:INFO:M: >>  acc: 0.5681  weight_F1: 0.5293 
2025-11-27 20:05:33:INFO:TRAIN-(cmcm) (2/13/3)>> loss: 0.5541
2025-11-27 20:06:54:INFO:VAL-(cmcm) >>
2025-11-27 20:06:54:INFO:M: >>  acc: 0.5789  weight_F1: 0.5610 
2025-11-27 20:07:00:INFO:Saving checkpoint at epoch 13 to results/models/cmcm-meld-classification.pth.
2025-11-27 20:21:34:INFO:TRAIN-(cmcm) (1/14/3)>> loss: 0.5426
2025-11-27 20:22:56:INFO:VAL-(cmcm) >>
2025-11-27 20:22:56:INFO:M: >>  acc: 0.5735  weight_F1: 0.5615 
2025-11-27 20:23:02:INFO:Saving checkpoint at epoch 14 to results/models/cmcm-meld-classification.pth.
2025-11-27 20:37:35:INFO:TRAIN-(cmcm) (1/15/3)>> loss: 0.5329
2025-11-27 20:38:57:INFO:VAL-(cmcm) >>
2025-11-27 20:38:57:INFO:M: >>  acc: 0.5870  weight_F1: 0.5765 
2025-11-27 20:39:03:INFO:Saving checkpoint at epoch 15 to results/models/cmcm-meld-classification.pth.
2025-11-27 20:53:37:INFO:TRAIN-(cmcm) (1/16/3)>> loss: 0.5258
2025-11-27 20:54:59:INFO:VAL-(cmcm) >>
2025-11-27 20:54:59:INFO:M: >>  acc: 0.5176  weight_F1: 0.5191 
2025-11-27 21:09:31:INFO:TRAIN-(cmcm) (2/17/3)>> loss: 0.5195
2025-11-27 21:10:53:INFO:VAL-(cmcm) >>
2025-11-27 21:10:53:INFO:M: >>  acc: 0.6105  weight_F1: 0.5842 
2025-11-27 21:10:59:INFO:Saving checkpoint at epoch 17 to results/models/cmcm-meld-classification.pth.
2025-11-27 21:25:32:INFO:TRAIN-(cmcm) (1/18/3)>> loss: 0.5137
2025-11-27 21:26:54:INFO:VAL-(cmcm) >>
2025-11-27 21:26:54:INFO:M: >>  acc: 0.5798  weight_F1: 0.5684 
2025-11-27 21:41:26:INFO:TRAIN-(cmcm) (2/19/3)>> loss: 0.5072
2025-11-27 21:42:48:INFO:VAL-(cmcm) >>
2025-11-27 21:42:48:INFO:M: >>  acc: 0.5969  weight_F1: 0.5857 
2025-11-27 21:42:54:INFO:Saving checkpoint at epoch 19 to results/models/cmcm-meld-classification.pth.
2025-11-27 21:57:27:INFO:TRAIN-(cmcm) (1/20/3)>> loss: 0.5037
2025-11-27 21:58:49:INFO:VAL-(cmcm) >>
2025-11-27 21:58:49:INFO:M: >>  acc: 0.5834  weight_F1: 0.5730 
2025-11-27 22:13:21:INFO:TRAIN-(cmcm) (2/21/3)>> loss: 0.4988
2025-11-27 22:14:43:INFO:VAL-(cmcm) >>
2025-11-27 22:14:43:INFO:M: >>  acc: 0.6032  weight_F1: 0.5974 
2025-11-27 22:14:49:INFO:Saving checkpoint at epoch 21 to results/models/cmcm-meld-classification.pth.
2025-11-27 22:29:23:INFO:TRAIN-(cmcm) (1/22/3)>> loss: 0.4964
2025-11-27 22:30:45:INFO:VAL-(cmcm) >>
2025-11-27 22:30:45:INFO:M: >>  acc: 0.6005  weight_F1: 0.5855 
2025-11-27 22:45:17:INFO:TRAIN-(cmcm) (2/23/3)>> loss: 0.4916
2025-11-27 22:46:39:INFO:VAL-(cmcm) >>
2025-11-27 22:46:39:INFO:M: >>  acc: 0.5924  weight_F1: 0.5795 
2025-11-27 23:01:11:INFO:TRAIN-(cmcm) (3/24/3)>> loss: 0.4880
2025-11-27 23:02:33:INFO:VAL-(cmcm) >>
2025-11-27 23:02:33:INFO:M: >>  acc: 0.6050  weight_F1: 0.6009 
2025-11-27 23:02:39:INFO:Saving checkpoint at epoch 24 to results/models/cmcm-meld-classification.pth.
2025-11-27 23:17:12:INFO:TRAIN-(cmcm) (1/25/3)>> loss: 0.4852
2025-11-27 23:18:34:INFO:VAL-(cmcm) >>
2025-11-27 23:18:34:INFO:M: >>  acc: 0.6041  weight_F1: 0.5901 
2025-11-27 23:33:06:INFO:TRAIN-(cmcm) (2/26/3)>> loss: 0.4834
2025-11-27 23:34:28:INFO:VAL-(cmcm) >>
2025-11-27 23:34:28:INFO:M: >>  acc: 0.5798  weight_F1: 0.5775 
2025-11-27 23:49:00:INFO:TRAIN-(cmcm) (3/27/3)>> loss: 0.4799
2025-11-27 23:50:22:INFO:VAL-(cmcm) >>
2025-11-27 23:50:22:INFO:M: >>  acc: 0.5798  weight_F1: 0.5780 
2025-11-28 00:04:54:INFO:TRAIN-(cmcm) (4/28/3)>> loss: 0.4765
2025-11-28 00:06:16:INFO:VAL-(cmcm) >>
2025-11-28 00:06:16:INFO:M: >>  acc: 0.6213  weight_F1: 0.6036 
2025-11-28 00:06:22:INFO:Saving checkpoint at epoch 28 to results/models/cmcm-meld-classification.pth.
2025-11-28 00:20:55:INFO:TRAIN-(cmcm) (1/29/3)>> loss: 0.4743
2025-11-28 00:22:17:INFO:VAL-(cmcm) >>
2025-11-28 00:22:17:INFO:M: >>  acc: 0.6050  weight_F1: 0.5983 
2025-11-28 00:36:50:INFO:TRAIN-(cmcm) (2/30/3)>> loss: 0.4717
2025-11-28 00:38:11:INFO:VAL-(cmcm) >>
2025-11-28 00:38:11:INFO:M: >>  acc: 0.6087  weight_F1: 0.5914 
2025-11-28 00:52:44:INFO:TRAIN-(cmcm) (3/31/3)>> loss: 0.4697
2025-11-28 00:54:06:INFO:VAL-(cmcm) >>
2025-11-28 00:54:06:INFO:M: >>  acc: 0.5942  weight_F1: 0.5866 
2025-11-28 01:08:38:INFO:TRAIN-(cmcm) (4/32/3)>> loss: 0.4673
2025-11-28 01:10:00:INFO:VAL-(cmcm) >>
2025-11-28 01:10:00:INFO:M: >>  acc: 0.6195  weight_F1: 0.5995 
2025-11-28 01:24:32:INFO:TRAIN-(cmcm) (5/33/3)>> loss: 0.4632
2025-11-28 01:25:54:INFO:VAL-(cmcm) >>
2025-11-28 01:25:54:INFO:M: >>  acc: 0.5825  weight_F1: 0.5837 
2025-11-28 01:40:26:INFO:TRAIN-(cmcm) (6/34/3)>> loss: 0.4627
2025-11-28 01:41:48:INFO:VAL-(cmcm) >>
2025-11-28 01:41:48:INFO:M: >>  acc: 0.6069  weight_F1: 0.5974 
2025-11-28 01:56:20:INFO:TRAIN-(cmcm) (7/35/3)>> loss: 0.4608
2025-11-28 01:57:42:INFO:VAL-(cmcm) >>
2025-11-28 01:57:42:INFO:M: >>  acc: 0.5951  weight_F1: 0.5944 
2025-11-28 02:12:14:INFO:TRAIN-(cmcm) (8/36/3)>> loss: 0.4578
2025-11-28 02:13:36:INFO:VAL-(cmcm) >>
2025-11-28 02:13:36:INFO:M: >>  acc: 0.5996  weight_F1: 0.5811 
2025-11-28 02:16:49:INFO:TEST-(cmcm) >>
2025-11-28 02:16:49:INFO:M: >>  acc: 0.6372  weight_F1: 0.6176 
2025-11-28 02:16:49:INFO:Results are added to results/results/meld-classification-90.csv...
2025-11-28 02:16:49:INFO:Start running cmcm...
2025-11-28 02:16:49:INFO:<Storage{'is_tune': False, 'train_mode': 'classification', 'modelName': 'cmcm', 'datasetName': 'meld', 'root_dataset_dir': '/mnt/workspace/MSE-Adapter/dataset/', 'num_workers': 0, 'model_save_dir': 'results/models', 'res_save_dir': 'results/results', 'pretrain_LM': '/mnt/workspace/MSE-Adapter/chatglm3-6b/', 'gpu_ids': [0], 'seeds': [1111, 2222, 3333, 4444, 5555], 'dataPath': '/mnt/workspace/MSE-Adapter/dataset/MELD', 'seq_lens': (65, 157, 32), 'feature_dims': (4096, 64, 64), 'train_samples': 9992, 'num_classes': 3, 'language': 'en', 'KeyEval': 'weight_F1', 'need_data_aligned': False, 'need_model_aligned': False, 'need_label_prefix': True, 'need_normalized': False, 'use_PLM': True, 'save_labels': False, 'task_specific_prompt': 'Please recognize the emotion of the above multimodal content from the target                                                 set <neutral:0, surprise:1, fear:2, sadness:3, joy:4, disgust:5, anger:6>. response: The emotion is', 'max_new_tokens': 2, 'pseudo_tokens': 4, 'label_index_mapping': {'neutral': 0, 'surprise': 1, 'fear': 2, 'sadness': 3, 'joy': 4, 'disgust': 5, 'anger': 6}, 'batch_size': 8, 'learning_rate': 5e-05, 'a_lstm_hidden_size': 64, 'v_lstm_hidden_size': 32, 'a_lstm_layers': 1, 'v_lstm_layers': 1, 'a_lstm_dropout': 0.0, 'v_lstm_dropout': 0.0, 'warm_up_epochs': 90, 'gamma': 1, 'update_epochs': 1, 'early_stop': 8, 'H': 3.0, 'seed': 4444}>
2025-11-28 02:16:49:INFO:Let's use the GPU 1 !
2025-11-28 02:17:31:INFO:trainable params: 2632844 || all params: 6246216844 || trainable%: 0.04215101822039786
2025-11-28 02:17:31:INFO:Init labels...
2025-11-28 02:17:31:INFO:Start training...
2025-11-28 02:32:02:INFO:TRAIN-(cmcm) (1/1/4)>> loss: 3.6147
2025-11-28 02:33:24:INFO:VAL-(cmcm) >>
2025-11-28 02:33:24:INFO:M: >>  acc: 0.4202  weight_F1: 0.3379 
2025-11-28 02:33:30:INFO:Saving checkpoint at epoch 1 to results/models/cmcm-meld-classification.pth.
2025-11-28 02:48:03:INFO:TRAIN-(cmcm) (1/2/4)>> loss: 0.7520
2025-11-28 02:49:25:INFO:VAL-(cmcm) >>
2025-11-28 02:49:25:INFO:M: >>  acc: 0.3977  weight_F1: 0.3437 
2025-11-28 02:49:30:INFO:Saving checkpoint at epoch 2 to results/models/cmcm-meld-classification.pth.
2025-11-28 03:04:04:INFO:TRAIN-(cmcm) (1/3/4)>> loss: 0.7373
2025-11-28 03:05:25:INFO:VAL-(cmcm) >>
2025-11-28 03:05:25:INFO:M: >>  acc: 0.3986  weight_F1: 0.3641 
2025-11-28 03:05:31:INFO:Saving checkpoint at epoch 3 to results/models/cmcm-meld-classification.pth.
2025-11-28 03:20:04:INFO:TRAIN-(cmcm) (1/4/4)>> loss: 0.7257
2025-11-28 03:21:26:INFO:VAL-(cmcm) >>
2025-11-28 03:21:26:INFO:M: >>  acc: 0.4436  weight_F1: 0.3582 
2025-11-28 03:35:58:INFO:TRAIN-(cmcm) (2/5/4)>> loss: 0.7142
2025-11-28 03:37:19:INFO:VAL-(cmcm) >>
2025-11-28 03:37:19:INFO:M: >>  acc: 0.4373  weight_F1: 0.3599 
2025-11-28 03:51:51:INFO:TRAIN-(cmcm) (3/6/4)>> loss: 0.7045
2025-11-28 03:53:13:INFO:VAL-(cmcm) >>
2025-11-28 03:53:13:INFO:M: >>  acc: 0.4346  weight_F1: 0.3949 
2025-11-28 03:53:19:INFO:Saving checkpoint at epoch 6 to results/models/cmcm-meld-classification.pth.
2025-11-28 04:07:52:INFO:TRAIN-(cmcm) (1/7/4)>> loss: 0.6921
2025-11-28 04:09:14:INFO:VAL-(cmcm) >>
2025-11-28 04:09:14:INFO:M: >>  acc: 0.4824  weight_F1: 0.4148 
2025-11-28 04:09:20:INFO:Saving checkpoint at epoch 7 to results/models/cmcm-meld-classification.pth.
2025-11-28 04:23:53:INFO:TRAIN-(cmcm) (1/8/4)>> loss: 0.6695
2025-11-28 04:25:15:INFO:VAL-(cmcm) >>
2025-11-28 04:25:15:INFO:M: >>  acc: 0.4914  weight_F1: 0.4338 
2025-11-28 04:25:21:INFO:Saving checkpoint at epoch 8 to results/models/cmcm-meld-classification.pth.
2025-11-28 04:39:54:INFO:TRAIN-(cmcm) (1/9/4)>> loss: 0.6273
2025-11-28 04:41:15:INFO:VAL-(cmcm) >>
2025-11-28 04:41:15:INFO:M: >>  acc: 0.5546  weight_F1: 0.5263 
2025-11-28 04:41:21:INFO:Saving checkpoint at epoch 9 to results/models/cmcm-meld-classification.pth.
2025-11-28 04:55:54:INFO:TRAIN-(cmcm) (1/10/4)>> loss: 0.5765
2025-11-28 04:57:16:INFO:VAL-(cmcm) >>
2025-11-28 04:57:16:INFO:M: >>  acc: 0.5699  weight_F1: 0.5530 
2025-11-28 04:57:22:INFO:Saving checkpoint at epoch 10 to results/models/cmcm-meld-classification.pth.
2025-11-28 05:11:55:INFO:TRAIN-(cmcm) (1/11/4)>> loss: 0.5481
2025-11-28 05:13:17:INFO:VAL-(cmcm) >>
2025-11-28 05:13:17:INFO:M: >>  acc: 0.5636  weight_F1: 0.5583 
2025-11-28 05:13:23:INFO:Saving checkpoint at epoch 11 to results/models/cmcm-meld-classification.pth.
2025-11-28 05:27:56:INFO:TRAIN-(cmcm) (1/12/4)>> loss: 0.5344
2025-11-28 05:29:18:INFO:VAL-(cmcm) >>
2025-11-28 05:29:18:INFO:M: >>  acc: 0.5942  weight_F1: 0.5739 
2025-11-28 05:29:24:INFO:Saving checkpoint at epoch 12 to results/models/cmcm-meld-classification.pth.
2025-11-28 05:43:57:INFO:TRAIN-(cmcm) (1/13/4)>> loss: 0.5242
2025-11-28 05:45:18:INFO:VAL-(cmcm) >>
2025-11-28 05:45:18:INFO:M: >>  acc: 0.5933  weight_F1: 0.5853 
2025-11-28 05:45:24:INFO:Saving checkpoint at epoch 13 to results/models/cmcm-meld-classification.pth.
2025-11-28 05:59:58:INFO:TRAIN-(cmcm) (1/14/4)>> loss: 0.5153
2025-11-28 06:01:20:INFO:VAL-(cmcm) >>
2025-11-28 06:01:20:INFO:M: >>  acc: 0.5906  weight_F1: 0.5845 
2025-11-28 06:15:51:INFO:TRAIN-(cmcm) (2/15/4)>> loss: 0.5087
2025-11-28 06:17:13:INFO:VAL-(cmcm) >>
2025-11-28 06:17:13:INFO:M: >>  acc: 0.6005  weight_F1: 0.5957 
2025-11-28 06:17:19:INFO:Saving checkpoint at epoch 15 to results/models/cmcm-meld-classification.pth.
2025-11-28 06:31:52:INFO:TRAIN-(cmcm) (1/16/4)>> loss: 0.5025
2025-11-28 06:33:14:INFO:VAL-(cmcm) >>
2025-11-28 06:33:14:INFO:M: >>  acc: 0.6357  weight_F1: 0.6103 
2025-11-28 06:33:19:INFO:Saving checkpoint at epoch 16 to results/models/cmcm-meld-classification.pth.
2025-11-28 06:47:53:INFO:TRAIN-(cmcm) (1/17/4)>> loss: 0.4967
2025-11-28 06:49:14:INFO:VAL-(cmcm) >>
2025-11-28 06:49:14:INFO:M: >>  acc: 0.6240  weight_F1: 0.6042 
2025-11-28 07:03:46:INFO:TRAIN-(cmcm) (2/18/4)>> loss: 0.4951
2025-11-28 07:05:08:INFO:VAL-(cmcm) >>
2025-11-28 07:05:08:INFO:M: >>  acc: 0.6258  weight_F1: 0.6032 
2025-11-28 07:19:39:INFO:TRAIN-(cmcm) (3/19/4)>> loss: 0.4893
2025-11-28 07:21:01:INFO:VAL-(cmcm) >>
2025-11-28 07:21:01:INFO:M: >>  acc: 0.6312  weight_F1: 0.6151 
2025-11-28 07:21:07:INFO:Saving checkpoint at epoch 19 to results/models/cmcm-meld-classification.pth.
2025-11-28 07:35:40:INFO:TRAIN-(cmcm) (1/20/4)>> loss: 0.4847
2025-11-28 07:37:02:INFO:VAL-(cmcm) >>
2025-11-28 07:37:02:INFO:M: >>  acc: 0.6195  weight_F1: 0.6100 
2025-11-28 07:51:34:INFO:TRAIN-(cmcm) (2/21/4)>> loss: 0.4810
2025-11-28 07:52:55:INFO:VAL-(cmcm) >>
2025-11-28 07:52:55:INFO:M: >>  acc: 0.6087  weight_F1: 0.6008 
2025-11-28 08:07:27:INFO:TRAIN-(cmcm) (3/22/4)>> loss: 0.4765
2025-11-28 08:08:49:INFO:VAL-(cmcm) >>
2025-11-28 08:08:49:INFO:M: >>  acc: 0.6159  weight_F1: 0.6038 
2025-11-28 08:23:21:INFO:TRAIN-(cmcm) (4/23/4)>> loss: 0.4756
2025-11-28 08:24:43:INFO:VAL-(cmcm) >>
2025-11-28 08:24:43:INFO:M: >>  acc: 0.6060  weight_F1: 0.6012 
2025-11-28 08:39:15:INFO:TRAIN-(cmcm) (5/24/4)>> loss: 0.4731
2025-11-28 08:40:36:INFO:VAL-(cmcm) >>
2025-11-28 08:40:36:INFO:M: >>  acc: 0.6141  weight_F1: 0.5962 
2025-11-28 08:55:09:INFO:TRAIN-(cmcm) (6/25/4)>> loss: 0.4701
2025-11-28 08:56:31:INFO:VAL-(cmcm) >>
2025-11-28 08:56:31:INFO:M: >>  acc: 0.6330  weight_F1: 0.6141 
2025-11-28 09:11:03:INFO:TRAIN-(cmcm) (7/26/4)>> loss: 0.4670
2025-11-28 09:12:25:INFO:VAL-(cmcm) >>
2025-11-28 09:12:25:INFO:M: >>  acc: 0.6384  weight_F1: 0.6214 
2025-11-28 09:12:30:INFO:Saving checkpoint at epoch 26 to results/models/cmcm-meld-classification.pth.
2025-11-28 09:27:04:INFO:TRAIN-(cmcm) (1/27/4)>> loss: 0.4641
2025-11-28 09:28:26:INFO:VAL-(cmcm) >>
2025-11-28 09:28:26:INFO:M: >>  acc: 0.6060  weight_F1: 0.5923 
2025-11-28 09:42:58:INFO:TRAIN-(cmcm) (2/28/4)>> loss: 0.4607
2025-11-28 09:44:20:INFO:VAL-(cmcm) >>
2025-11-28 09:44:20:INFO:M: >>  acc: 0.6159  weight_F1: 0.6006 
2025-11-28 09:58:52:INFO:TRAIN-(cmcm) (3/29/4)>> loss: 0.4580
2025-11-28 10:00:14:INFO:VAL-(cmcm) >>
2025-11-28 10:00:14:INFO:M: >>  acc: 0.6150  weight_F1: 0.6058 
2025-11-28 10:14:46:INFO:TRAIN-(cmcm) (4/30/4)>> loss: 0.4564
2025-11-28 10:16:08:INFO:VAL-(cmcm) >>
2025-11-28 10:16:08:INFO:M: >>  acc: 0.6078  weight_F1: 0.6003 
2025-11-28 10:30:41:INFO:TRAIN-(cmcm) (5/31/4)>> loss: 0.4542
2025-11-28 10:32:03:INFO:VAL-(cmcm) >>
2025-11-28 10:32:03:INFO:M: >>  acc: 0.5834  weight_F1: 0.5767 
2025-11-28 10:46:35:INFO:TRAIN-(cmcm) (6/32/4)>> loss: 0.4502
2025-11-28 10:47:57:INFO:VAL-(cmcm) >>
2025-11-28 10:47:57:INFO:M: >>  acc: 0.6375  weight_F1: 0.6216 
2025-11-28 10:48:02:INFO:Saving checkpoint at epoch 32 to results/models/cmcm-meld-classification.pth.
2025-11-28 11:02:36:INFO:TRAIN-(cmcm) (1/33/4)>> loss: 0.4485
2025-11-28 11:03:58:INFO:VAL-(cmcm) >>
2025-11-28 11:03:58:INFO:M: >>  acc: 0.5969  weight_F1: 0.5906 
2025-11-28 11:18:30:INFO:TRAIN-(cmcm) (2/34/4)>> loss: 0.4470
2025-11-28 11:19:52:INFO:VAL-(cmcm) >>
2025-11-28 11:19:52:INFO:M: >>  acc: 0.6096  weight_F1: 0.6010 
2025-11-28 11:34:24:INFO:TRAIN-(cmcm) (3/35/4)>> loss: 0.4436
2025-11-28 11:35:46:INFO:VAL-(cmcm) >>
2025-11-28 11:35:46:INFO:M: >>  acc: 0.6249  weight_F1: 0.6132 
2025-11-28 11:50:19:INFO:TRAIN-(cmcm) (4/36/4)>> loss: 0.4396
2025-11-28 11:51:40:INFO:VAL-(cmcm) >>
2025-11-28 11:51:40:INFO:M: >>  acc: 0.5960  weight_F1: 0.5887 
2025-11-28 12:06:13:INFO:TRAIN-(cmcm) (5/37/4)>> loss: 0.4382
2025-11-28 12:07:35:INFO:VAL-(cmcm) >>
2025-11-28 12:07:35:INFO:M: >>  acc: 0.5897  weight_F1: 0.5841 
2025-11-28 12:22:07:INFO:TRAIN-(cmcm) (6/38/4)>> loss: 0.4375
2025-11-28 12:23:29:INFO:VAL-(cmcm) >>
2025-11-28 12:23:29:INFO:M: >>  acc: 0.6267  weight_F1: 0.6108 
2025-11-28 12:38:01:INFO:TRAIN-(cmcm) (7/39/4)>> loss: 0.4328
2025-11-28 12:39:23:INFO:VAL-(cmcm) >>
2025-11-28 12:39:23:INFO:M: >>  acc: 0.5861  weight_F1: 0.5764 
2025-11-28 12:53:55:INFO:TRAIN-(cmcm) (8/40/4)>> loss: 0.4303
2025-11-28 12:55:17:INFO:VAL-(cmcm) >>
2025-11-28 12:55:17:INFO:M: >>  acc: 0.6069  weight_F1: 0.5958 
2025-11-28 12:58:30:INFO:TEST-(cmcm) >>
2025-11-28 12:58:30:INFO:M: >>  acc: 0.6483  weight_F1: 0.6300 
2025-11-28 12:58:30:INFO:Results are added to results/results/meld-classification-90.csv...
2025-11-28 12:58:30:INFO:Start running cmcm...
2025-11-28 12:58:30:INFO:<Storage{'is_tune': False, 'train_mode': 'classification', 'modelName': 'cmcm', 'datasetName': 'meld', 'root_dataset_dir': '/mnt/workspace/MSE-Adapter/dataset/', 'num_workers': 0, 'model_save_dir': 'results/models', 'res_save_dir': 'results/results', 'pretrain_LM': '/mnt/workspace/MSE-Adapter/chatglm3-6b/', 'gpu_ids': [0], 'seeds': [1111, 2222, 3333, 4444, 5555], 'dataPath': '/mnt/workspace/MSE-Adapter/dataset/MELD', 'seq_lens': (65, 157, 32), 'feature_dims': (4096, 64, 64), 'train_samples': 9992, 'num_classes': 3, 'language': 'en', 'KeyEval': 'weight_F1', 'need_data_aligned': False, 'need_model_aligned': False, 'need_label_prefix': True, 'need_normalized': False, 'use_PLM': True, 'save_labels': False, 'task_specific_prompt': 'Please recognize the emotion of the above multimodal content from the target                                                 set <neutral:0, surprise:1, fear:2, sadness:3, joy:4, disgust:5, anger:6>. response: The emotion is', 'max_new_tokens': 2, 'pseudo_tokens': 4, 'label_index_mapping': {'neutral': 0, 'surprise': 1, 'fear': 2, 'sadness': 3, 'joy': 4, 'disgust': 5, 'anger': 6}, 'batch_size': 8, 'learning_rate': 5e-05, 'a_lstm_hidden_size': 64, 'v_lstm_hidden_size': 32, 'a_lstm_layers': 1, 'v_lstm_layers': 1, 'a_lstm_dropout': 0.0, 'v_lstm_dropout': 0.0, 'warm_up_epochs': 90, 'gamma': 1, 'update_epochs': 1, 'early_stop': 8, 'H': 3.0, 'seed': 5555}>
2025-11-28 12:58:30:INFO:Let's use the GPU 1 !
2025-11-28 12:59:07:INFO:trainable params: 2632844 || all params: 6246216844 || trainable%: 0.04215101822039786
2025-11-28 12:59:07:INFO:Init labels...
2025-11-28 12:59:07:INFO:Start training...
2025-11-28 13:13:38:INFO:TRAIN-(cmcm) (1/1/5)>> loss: 4.8475
2025-11-28 13:15:00:INFO:VAL-(cmcm) >>
2025-11-28 13:15:00:INFO:M: >>  acc: 0.4085  weight_F1: 0.3333 
2025-11-28 13:15:06:INFO:Saving checkpoint at epoch 1 to results/models/cmcm-meld-classification.pth.
2025-11-28 13:29:39:INFO:TRAIN-(cmcm) (1/2/5)>> loss: 0.7547
2025-11-28 13:31:01:INFO:VAL-(cmcm) >>
2025-11-28 13:31:01:INFO:M: >>  acc: 0.4058  weight_F1: 0.3401 
2025-11-28 13:31:07:INFO:Saving checkpoint at epoch 2 to results/models/cmcm-meld-classification.pth.
2025-11-28 13:45:40:INFO:TRAIN-(cmcm) (1/3/5)>> loss: 0.7270
2025-11-28 13:47:02:INFO:VAL-(cmcm) >>
2025-11-28 13:47:02:INFO:M: >>  acc: 0.4427  weight_F1: 0.3521 
2025-11-28 13:47:08:INFO:Saving checkpoint at epoch 3 to results/models/cmcm-meld-classification.pth.
2025-11-28 14:01:41:INFO:TRAIN-(cmcm) (1/4/5)>> loss: 0.7103
2025-11-28 14:03:03:INFO:VAL-(cmcm) >>
2025-11-28 14:03:03:INFO:M: >>  acc: 0.4454  weight_F1: 0.3587 
2025-11-28 14:03:09:INFO:Saving checkpoint at epoch 4 to results/models/cmcm-meld-classification.pth.
2025-11-28 14:17:43:INFO:TRAIN-(cmcm) (1/5/5)>> loss: 0.6982
2025-11-28 14:19:04:INFO:VAL-(cmcm) >>
2025-11-28 14:19:04:INFO:M: >>  acc: 0.4373  weight_F1: 0.4205 
2025-11-28 14:19:10:INFO:Saving checkpoint at epoch 5 to results/models/cmcm-meld-classification.pth.
2025-11-28 14:33:44:INFO:TRAIN-(cmcm) (1/6/5)>> loss: 0.6855
2025-11-28 14:35:05:INFO:VAL-(cmcm) >>
2025-11-28 14:35:05:INFO:M: >>  acc: 0.4653  weight_F1: 0.4222 
2025-11-28 14:35:11:INFO:Saving checkpoint at epoch 6 to results/models/cmcm-meld-classification.pth.
2025-11-28 14:49:44:INFO:TRAIN-(cmcm) (1/7/5)>> loss: 0.6622
2025-11-28 14:51:06:INFO:VAL-(cmcm) >>
2025-11-28 14:51:06:INFO:M: >>  acc: 0.4797  weight_F1: 0.4269 
2025-11-28 14:51:12:INFO:Saving checkpoint at epoch 7 to results/models/cmcm-meld-classification.pth.
2025-11-28 15:05:45:INFO:TRAIN-(cmcm) (1/8/5)>> loss: 0.6256
2025-11-28 15:07:07:INFO:VAL-(cmcm) >>
2025-11-28 15:07:07:INFO:M: >>  acc: 0.5212  weight_F1: 0.4675 
2025-11-28 15:07:13:INFO:Saving checkpoint at epoch 8 to results/models/cmcm-meld-classification.pth.
2025-11-28 15:21:46:INFO:TRAIN-(cmcm) (1/9/5)>> loss: 0.5907
2025-11-28 15:23:08:INFO:VAL-(cmcm) >>
2025-11-28 15:23:08:INFO:M: >>  acc: 0.5600  weight_F1: 0.5481 
2025-11-28 15:23:14:INFO:Saving checkpoint at epoch 9 to results/models/cmcm-meld-classification.pth.
2025-11-28 15:37:47:INFO:TRAIN-(cmcm) (1/10/5)>> loss: 0.5644
2025-11-28 15:39:09:INFO:VAL-(cmcm) >>
2025-11-28 15:39:09:INFO:M: >>  acc: 0.5681  weight_F1: 0.5555 
2025-11-28 15:39:14:INFO:Saving checkpoint at epoch 10 to results/models/cmcm-meld-classification.pth.
2025-11-28 15:53:48:INFO:TRAIN-(cmcm) (1/11/5)>> loss: 0.5458
2025-11-28 15:55:10:INFO:VAL-(cmcm) >>
2025-11-28 15:55:10:INFO:M: >>  acc: 0.5762  weight_F1: 0.5650 
2025-11-28 15:55:16:INFO:Saving checkpoint at epoch 11 to results/models/cmcm-meld-classification.pth.
2025-11-28 16:09:50:INFO:TRAIN-(cmcm) (1/12/5)>> loss: 0.5333
2025-11-28 16:11:11:INFO:VAL-(cmcm) >>
2025-11-28 16:11:11:INFO:M: >>  acc: 0.5609  weight_F1: 0.5628 
2025-11-28 16:25:43:INFO:TRAIN-(cmcm) (2/13/5)>> loss: 0.5240
2025-11-28 16:27:05:INFO:VAL-(cmcm) >>
2025-11-28 16:27:05:INFO:M: >>  acc: 0.6132  weight_F1: 0.5928 
2025-11-28 16:27:11:INFO:Saving checkpoint at epoch 13 to results/models/cmcm-meld-classification.pth.
2025-11-28 16:41:44:INFO:TRAIN-(cmcm) (1/14/5)>> loss: 0.5140
2025-11-28 16:43:06:INFO:VAL-(cmcm) >>
2025-11-28 16:43:06:INFO:M: >>  acc: 0.6096  weight_F1: 0.6023 
2025-11-28 16:43:12:INFO:Saving checkpoint at epoch 14 to results/models/cmcm-meld-classification.pth.
2025-11-28 16:57:45:INFO:TRAIN-(cmcm) (1/15/5)>> loss: 0.5084
2025-11-28 16:59:07:INFO:VAL-(cmcm) >>
2025-11-28 16:59:07:INFO:M: >>  acc: 0.6132  weight_F1: 0.5929 
2025-11-28 17:13:39:INFO:TRAIN-(cmcm) (2/16/5)>> loss: 0.5009
2025-11-28 17:15:01:INFO:VAL-(cmcm) >>
2025-11-28 17:15:01:INFO:M: >>  acc: 0.6114  weight_F1: 0.6048 
2025-11-28 17:15:07:INFO:Saving checkpoint at epoch 16 to results/models/cmcm-meld-classification.pth.
2025-11-28 17:29:40:INFO:TRAIN-(cmcm) (1/17/5)>> loss: 0.4966
2025-11-28 17:31:02:INFO:VAL-(cmcm) >>
2025-11-28 17:31:02:INFO:M: >>  acc: 0.6231  weight_F1: 0.6118 
2025-11-28 17:31:08:INFO:Saving checkpoint at epoch 17 to results/models/cmcm-meld-classification.pth.
2025-11-28 17:45:42:INFO:TRAIN-(cmcm) (1/18/5)>> loss: 0.4921
2025-11-28 17:47:04:INFO:VAL-(cmcm) >>
2025-11-28 17:47:04:INFO:M: >>  acc: 0.6312  weight_F1: 0.6211 
2025-11-28 17:47:09:INFO:Saving checkpoint at epoch 18 to results/models/cmcm-meld-classification.pth.
2025-11-28 18:01:43:INFO:TRAIN-(cmcm) (1/19/5)>> loss: 0.4875
2025-11-28 18:03:05:INFO:VAL-(cmcm) >>
2025-11-28 18:03:05:INFO:M: >>  acc: 0.6249  weight_F1: 0.6174 
2025-11-28 18:17:37:INFO:TRAIN-(cmcm) (2/20/5)>> loss: 0.4834
2025-11-28 18:18:59:INFO:VAL-(cmcm) >>
2025-11-28 18:18:59:INFO:M: >>  acc: 0.6150  weight_F1: 0.6062 
2025-11-28 18:33:31:INFO:TRAIN-(cmcm) (3/21/5)>> loss: 0.4812
2025-11-28 18:34:53:INFO:VAL-(cmcm) >>
2025-11-28 18:34:53:INFO:M: >>  acc: 0.6276  weight_F1: 0.6231 
2025-11-28 18:34:59:INFO:Saving checkpoint at epoch 21 to results/models/cmcm-meld-classification.pth.
2025-11-28 18:49:32:INFO:TRAIN-(cmcm) (1/22/5)>> loss: 0.4761
2025-11-28 18:50:54:INFO:VAL-(cmcm) >>
2025-11-28 18:50:54:INFO:M: >>  acc: 0.6240  weight_F1: 0.6118 
2025-11-28 19:05:26:INFO:TRAIN-(cmcm) (2/23/5)>> loss: 0.4745
2025-11-28 19:06:48:INFO:VAL-(cmcm) >>
2025-11-28 19:06:48:INFO:M: >>  acc: 0.6222  weight_F1: 0.6158 
2025-11-28 19:21:20:INFO:TRAIN-(cmcm) (3/24/5)>> loss: 0.4703
2025-11-28 19:22:42:INFO:VAL-(cmcm) >>
2025-11-28 19:22:42:INFO:M: >>  acc: 0.6357  weight_F1: 0.6169 
2025-11-28 19:37:14:INFO:TRAIN-(cmcm) (4/25/5)>> loss: 0.4679
2025-11-28 19:38:36:INFO:VAL-(cmcm) >>
2025-11-28 19:38:36:INFO:M: >>  acc: 0.6366  weight_F1: 0.6225 
2025-11-28 19:53:08:INFO:TRAIN-(cmcm) (5/26/5)>> loss: 0.4655
2025-11-28 19:54:30:INFO:VAL-(cmcm) >>
2025-11-28 19:54:30:INFO:M: >>  acc: 0.6186  weight_F1: 0.6111 
2025-11-28 20:09:02:INFO:TRAIN-(cmcm) (6/27/5)>> loss: 0.4616
2025-11-28 20:10:24:INFO:VAL-(cmcm) >>
2025-11-28 20:10:24:INFO:M: >>  acc: 0.6339  weight_F1: 0.6145 
2025-11-28 20:24:56:INFO:TRAIN-(cmcm) (7/28/5)>> loss: 0.4601
2025-11-28 20:26:18:INFO:VAL-(cmcm) >>
2025-11-28 20:26:18:INFO:M: >>  acc: 0.6384  weight_F1: 0.6202 
2025-11-28 20:40:50:INFO:TRAIN-(cmcm) (8/29/5)>> loss: 0.4569
2025-11-28 20:42:12:INFO:VAL-(cmcm) >>
2025-11-28 20:42:12:INFO:M: >>  acc: 0.6384  weight_F1: 0.6248 
2025-11-28 20:42:18:INFO:Saving checkpoint at epoch 29 to results/models/cmcm-meld-classification.pth.
2025-11-28 20:56:51:INFO:TRAIN-(cmcm) (1/30/5)>> loss: 0.4552
2025-11-28 20:58:13:INFO:VAL-(cmcm) >>
2025-11-28 20:58:13:INFO:M: >>  acc: 0.6294  weight_F1: 0.6106 
2025-11-28 21:12:45:INFO:TRAIN-(cmcm) (2/31/5)>> loss: 0.4527
2025-11-28 21:14:07:INFO:VAL-(cmcm) >>
2025-11-28 21:14:07:INFO:M: >>  acc: 0.6240  weight_F1: 0.6099 
2025-11-28 21:28:39:INFO:TRAIN-(cmcm) (3/32/5)>> loss: 0.4512
2025-11-28 21:30:01:INFO:VAL-(cmcm) >>
2025-11-28 21:30:01:INFO:M: >>  acc: 0.6303  weight_F1: 0.6193 
2025-11-28 21:44:33:INFO:TRAIN-(cmcm) (4/33/5)>> loss: 0.4467
2025-11-28 21:45:54:INFO:VAL-(cmcm) >>
2025-11-28 21:45:54:INFO:M: >>  acc: 0.6330  weight_F1: 0.6173 
2025-11-28 22:00:26:INFO:TRAIN-(cmcm) (5/34/5)>> loss: 0.4450
2025-11-28 22:01:48:INFO:VAL-(cmcm) >>
2025-11-28 22:01:48:INFO:M: >>  acc: 0.6393  weight_F1: 0.6220 
2025-11-28 22:16:20:INFO:TRAIN-(cmcm) (6/35/5)>> loss: 0.4436
2025-11-28 22:17:42:INFO:VAL-(cmcm) >>
2025-11-28 22:17:42:INFO:M: >>  acc: 0.6285  weight_F1: 0.6085 
2025-11-28 22:32:14:INFO:TRAIN-(cmcm) (7/36/5)>> loss: 0.4416
2025-11-28 22:33:36:INFO:VAL-(cmcm) >>
2025-11-28 22:33:36:INFO:M: >>  acc: 0.6159  weight_F1: 0.5918 
2025-11-28 22:48:08:INFO:TRAIN-(cmcm) (8/37/5)>> loss: 0.4393
2025-11-28 22:49:30:INFO:VAL-(cmcm) >>
2025-11-28 22:49:30:INFO:M: >>  acc: 0.6249  weight_F1: 0.6121 
2025-11-28 22:52:42:INFO:TEST-(cmcm) >>
2025-11-28 22:52:42:INFO:M: >>  acc: 0.6410  weight_F1: 0.6248 
2025-11-28 22:52:43:INFO:Results are added to results/results/meld-classification-90.csv...
